2020-09-08 21:39:29,882 INFO Exception - 4 not saved records with flats_add.csv
2020-09-08 21:39:29,927 INFO with saved 1045 and new recs unifyed length is - 1049
2020-09-08 21:39:29,927 INFO –ó–∞–ø–∏—Å—å —Ñ–∞–π–ª–∞ flats_add.csv –≤–Ω—É—Ç—Ä–∏ –∏—Å–∫–ª—é—á–µ–Ω–∏—è
2020-09-09 06:59:25,886 INFO Exception - 4 not saved records with flats_add.csv
2020-09-09 06:59:25,909 INFO with saved 1049 and new recs unifyed length is - 1053
2020-09-09 06:59:25,909 INFO –ó–∞–ø–∏—Å—å —Ñ–∞–π–ª–∞ flats_add.csv –≤–Ω—É—Ç—Ä–∏ –∏—Å–∫–ª—é—á–µ–Ω–∏—è
2020-09-13 13:40:32,967 INFO Exception - 77 not saved records with flats_add.csv
2020-09-13 13:40:33,119 INFO with saved 1053 and new recs unifyed length is - 1130
2020-09-13 13:40:33,119 INFO –ó–∞–ø–∏—Å—å —Ñ–∞–π–ª–∞ flats_add.csv –≤–Ω—É—Ç—Ä–∏ –∏—Å–∫–ª—é—á–µ–Ω–∏—è
2020-09-13 13:44:55,546 INFO Exception - 77 not saved records with flats.csv
2020-09-13 13:44:56,042 INFO with saved 27205 and new recs unifyed length is - 27282
2020-09-13 13:44:56,042 INFO –ó–∞–ø–∏—Å—å —Ñ–∞–π–ª–∞ flats.csv –≤–Ω—É—Ç—Ä–∏ –∏—Å–∫–ª—é—á–µ–Ω–∏—è
2020-09-17 12:12:58,166 INFO Exception - 5 not saved records with flats.csv
2020-09-17 12:12:58,763 INFO with saved 27282 and new recs unifyed length is - 27287
2020-09-17 12:12:58,763 INFO –ó–∞–ø–∏—Å—å —Ñ–∞–π–ª–∞ flats.csv –≤–Ω—É—Ç—Ä–∏ –∏—Å–∫–ª—é—á–µ–Ω–∏—è
2020-09-19 12:03:44,345 INFO Exception - 9 not saved records with flats.csv
2020-09-19 12:03:45,997 INFO with saved 27287 and new recs unifyed length is - 27296
2020-09-19 12:03:45,997 INFO –ó–∞–ø–∏—Å—å —Ñ–∞–π–ª–∞ flats.csv –≤–Ω—É—Ç—Ä–∏ –∏—Å–∫–ª—é—á–µ–Ω–∏—è
2020-09-19 12:29:54,745 INFO Exception - 9 not saved records with flats.csv
2020-09-19 12:29:56,876 INFO with saved 27296 and new recs unifyed length is - 27305
2020-09-19 12:29:56,876 INFO –ó–∞–ø–∏—Å—å —Ñ–∞–π–ª–∞ flats.csv –≤–Ω—É—Ç—Ä–∏ –∏—Å–∫–ª—é—á–µ–Ω–∏—è
2020-09-21 09:51:11,492 INFO Exception - 5 not saved records with flats.csv
2020-09-21 09:51:13,360 INFO with saved 27305 and new recs unifyed length is - 27310
2020-09-21 09:51:13,360 INFO –ó–∞–ø–∏—Å—å —Ñ–∞–π–ª–∞ flats.csv –≤–Ω—É—Ç—Ä–∏ –∏—Å–∫–ª—é—á–µ–Ω–∏—è
2020-09-21 10:10:16,735 INFO –ó–∞–ø–∏—Å—å —Ñ–∞–π–ª–∞ items.csv –≤–Ω—É—Ç—Ä–∏ –∏—Å–∫–ª—é—á–µ–Ω–∏—è
2020-09-21 10:14:30,814 INFO Exception - 4 not saved records with items.csv
2020-09-21 10:14:54,494 INFO with saved 3 and new recs unifyed length is - 7
2020-09-21 10:14:55,969 INFO –ó–∞–ø–∏—Å—å —Ñ–∞–π–ª–∞ items.csv –≤–Ω—É—Ç—Ä–∏ –∏—Å–∫–ª—é—á–µ–Ω–∏—è
2020-09-21 10:16:13,265 INFO Exception - 4 not saved records with items.csv
2020-09-21 10:16:13,295 INFO with saved 7 and new recs unifyed length is - 11
2020-09-21 10:16:13,295 INFO –ó–∞–ø–∏—Å—å —Ñ–∞–π–ª–∞ items.csv –≤–Ω—É—Ç—Ä–∏ –∏—Å–∫–ª—é—á–µ–Ω–∏—è
2020-09-21 10:17:25,788 INFO Exception - 9 not saved records with items.csv
2020-09-21 10:17:25,818 INFO with saved 11 and new recs unifyed length is - 20
2020-09-21 10:17:25,818 INFO –ó–∞–ø–∏—Å—å —Ñ–∞–π–ª–∞ items.csv –≤–Ω—É—Ç—Ä–∏ –∏—Å–∫–ª—é—á–µ–Ω–∏—è
2020-10-01 12:09:29,415 INFO Exception - 5 not saved records with items.csv
2020-10-01 12:10:02,823 INFO with saved 20 and new recs unifyed length is - 25
2020-10-01 12:10:03,411 INFO –ó–∞–ø–∏—Å—å —Ñ–∞–π–ª–∞ items.csv –≤–Ω—É—Ç—Ä–∏ –∏—Å–∫–ª—é—á–µ–Ω–∏—è
2020-10-01 12:11:16,608 INFO Exception - 5 not saved records with items.csv
2020-10-01 12:11:16,641 INFO with saved 25 and new recs unifyed length is - 30
2020-10-01 12:11:16,641 INFO –ó–∞–ø–∏—Å—å —Ñ–∞–π–ª–∞ items.csv –≤–Ω—É—Ç—Ä–∏ –∏—Å–∫–ª—é—á–µ–Ω–∏—è
2020-10-02 07:22:05,007 INFO Exception - 22 not saved records with items.csv
2020-10-02 07:22:05,235 INFO with saved 30 and new recs unifyed length is - 52
2020-10-02 07:22:05,235 INFO –ó–∞–ø–∏—Å—å —Ñ–∞–π–ª–∞ items.csv –≤–Ω—É—Ç—Ä–∏ –∏—Å–∫–ª—é—á–µ–Ω–∏—è
2020-10-02 07:22:26,058 INFO Exception - 26 not saved records with items.csv
2020-10-02 07:22:26,107 INFO with saved 52 and new recs unifyed length is - 78
2020-10-02 07:22:26,108 INFO –ó–∞–ø–∏—Å—å —Ñ–∞–π–ª–∞ items.csv –≤–Ω—É—Ç—Ä–∏ –∏—Å–∫–ª—é—á–µ–Ω–∏—è
2020-10-02 07:33:24,975 INFO –ó–∞–ø–∏—Å—å —Ñ–∞–π–ª–∞ items.csv –≤–Ω—É—Ç—Ä–∏ –∏—Å–∫–ª—é—á–µ–Ω–∏—è
2020-10-02 07:37:44,143 INFO Exception - 9 not saved records with items.csv
2020-10-02 07:37:44,172 INFO with saved 7 and new recs unifyed length is - 16
2020-10-02 07:37:44,172 INFO –ó–∞–ø–∏—Å—å —Ñ–∞–π–ª–∞ items.csv –≤–Ω—É—Ç—Ä–∏ –∏—Å–∫–ª—é—á–µ–Ω–∏—è
2020-10-02 08:02:17,081 INFO Exception - 343 not saved records with items.csv
2020-10-02 08:02:17,133 INFO with saved 16 and new recs unifyed length is - 359
2020-10-02 08:02:17,133 INFO –ó–∞–ø–∏—Å—å —Ñ–∞–π–ª–∞ items.csv –≤–Ω—É—Ç—Ä–∏ –∏—Å–∫–ª—é—á–µ–Ω–∏—è
2020-10-02 08:10:21,615 INFO Exception - 13 not saved records with items.csv
2020-10-02 08:10:21,688 INFO with saved 359 and new recs unifyed length is - 372
2020-10-02 08:10:21,688 INFO –ó–∞–ø–∏—Å—å —Ñ–∞–π–ª–∞ items.csv –≤–Ω—É—Ç—Ä–∏ –∏—Å–∫–ª—é—á–µ–Ω–∏—è
2020-10-02 08:11:53,816 INFO Exception - 25 not saved records with items.csv
2020-10-02 08:11:53,876 INFO with saved 372 and new recs unifyed length is - 397
2020-10-02 08:11:53,876 INFO –ó–∞–ø–∏—Å—å —Ñ–∞–π–ª–∞ items.csv –≤–Ω—É—Ç—Ä–∏ –∏—Å–∫–ª—é—á–µ–Ω–∏—è
2020-10-02 08:29:21,260 INFO Exception - 396 not saved records with items.csv
2020-10-02 08:29:21,334 INFO with saved 397 and new recs unifyed length is - 793
2020-10-02 08:29:21,335 INFO –ó–∞–ø–∏—Å—å —Ñ–∞–π–ª–∞ items.csv –≤–Ω—É—Ç—Ä–∏ –∏—Å–∫–ª—é—á–µ–Ω–∏—è
2020-10-02 08:31:11,132 INFO Exception - 396 not saved records with items.csv
2020-10-02 08:31:11,223 INFO with saved 793 and new recs unifyed length is - 1189
2020-10-02 08:31:11,224 INFO –ó–∞–ø–∏—Å—å —Ñ–∞–π–ª–∞ items.csv –≤–Ω—É—Ç—Ä–∏ –∏—Å–∫–ª—é—á–µ–Ω–∏—è
2020-10-02 08:34:32,389 INFO Exception - 396 not saved records with items.csv
2020-10-02 08:34:32,497 INFO with saved 1189 and new recs unifyed length is - 1585
2020-10-02 08:34:32,497 INFO –ó–∞–ø–∏—Å—å —Ñ–∞–π–ª–∞ items.csv –≤–Ω—É—Ç—Ä–∏ –∏—Å–∫–ª—é—á–µ–Ω–∏—è
2020-10-02 08:34:42,155 INFO Exception - 396 not saved records with items.csv
2020-10-02 08:34:42,278 INFO with saved 1585 and new recs unifyed length is - 1981
2020-10-02 08:34:42,278 INFO –ó–∞–ø–∏—Å—å —Ñ–∞–π–ª–∞ items.csv –≤–Ω—É—Ç—Ä–∏ –∏—Å–∫–ª—é—á–µ–Ω–∏—è
2020-10-02 08:53:17,742 INFO Exception - 382 not saved records with items.csv
2020-10-02 08:53:17,897 INFO with saved 1981 and new recs unifyed length is - 2363
2020-10-02 08:53:17,897 INFO –ó–∞–ø–∏—Å—å —Ñ–∞–π–ª–∞ items.csv –≤–Ω—É—Ç—Ä–∏ –∏—Å–∫–ª—é—á–µ–Ω–∏—è
2020-10-02 08:56:02,382 INFO Exception - 382 not saved records with items.csv
2020-10-02 08:56:02,558 INFO with saved 2363 and new recs unifyed length is - 2745
2020-10-02 08:56:02,559 INFO –ó–∞–ø–∏—Å—å —Ñ–∞–π–ª–∞ items.csv –≤–Ω—É—Ç—Ä–∏ –∏—Å–∫–ª—é—á–µ–Ω–∏—è
2020-10-02 08:56:20,865 INFO Exception - 382 not saved records with items.csv
2020-10-02 08:56:21,066 INFO with saved 2745 and new recs unifyed length is - 3127
2020-10-02 08:56:21,066 INFO –ó–∞–ø–∏—Å—å —Ñ–∞–π–ª–∞ items.csv –≤–Ω—É—Ç—Ä–∏ –∏—Å–∫–ª—é—á–µ–Ω–∏—è
2020-10-02 08:56:23,559 INFO Exception - 382 not saved records with items.csv
2020-10-02 08:56:23,776 INFO with saved 3127 and new recs unifyed length is - 3509
2020-10-02 08:56:23,777 INFO –ó–∞–ø–∏—Å—å —Ñ–∞–π–ª–∞ items.csv –≤–Ω—É—Ç—Ä–∏ –∏—Å–∫–ª—é—á–µ–Ω–∏—è
2020-10-02 08:57:01,731 INFO Exception - 382 not saved records with items.csv
2020-10-02 08:57:01,961 INFO with saved 3509 and new recs unifyed length is - 3891
2020-10-02 08:57:01,962 INFO –ó–∞–ø–∏—Å—å —Ñ–∞–π–ª–∞ items.csv –≤–Ω—É—Ç—Ä–∏ –∏—Å–∫–ª—é—á–µ–Ω–∏—è
2020-10-02 08:57:15,284 INFO Exception - 382 not saved records with items.csv
2020-10-02 08:57:15,537 INFO with saved 3891 and new recs unifyed length is - 4273
2020-10-02 08:57:15,537 INFO –ó–∞–ø–∏—Å—å —Ñ–∞–π–ª–∞ items.csv –≤–Ω—É—Ç—Ä–∏ –∏—Å–∫–ª—é—á–µ–Ω–∏—è
2020-10-02 09:01:46,386 INFO Exception - 11 not saved records with items.csv
2020-10-02 09:01:46,663 INFO with saved 4273 and new recs unifyed length is - 4284
2020-10-02 09:01:46,663 INFO –ó–∞–ø–∏—Å—å —Ñ–∞–π–ª–∞ items.csv –≤–Ω—É—Ç—Ä–∏ –∏—Å–∫–ª—é—á–µ–Ω–∏—è
2020-10-02 09:03:12,997 INFO Exception - 11 not saved records with items.csv
2020-10-02 09:03:13,271 INFO with saved 4284 and new recs unifyed length is - 4295
2020-10-02 09:03:13,272 INFO –ó–∞–ø–∏—Å—å —Ñ–∞–π–ª–∞ items.csv –≤–Ω—É—Ç—Ä–∏ –∏—Å–∫–ª—é—á–µ–Ω–∏—è
2020-10-02 09:13:02,726 INFO Exception - 11 not saved records with items.csv
2020-10-02 09:13:03,006 INFO with saved 4295 and new recs unifyed length is - 4306
2020-10-02 09:13:03,006 INFO –ó–∞–ø–∏—Å—å —Ñ–∞–π–ª–∞ items.csv –≤–Ω—É—Ç—Ä–∏ –∏—Å–∫–ª—é—á–µ–Ω–∏—è
2020-10-03 15:29:22,235 INFO –ó–∞–ø–∏—Å—å —Ñ–∞–π–ª–∞ items.csv –≤–Ω—É—Ç—Ä–∏ –∏—Å–∫–ª—é—á–µ–Ω–∏—è
2020-10-03 15:33:58,945 INFO Exception - 14 not saved records with items.csv
2020-10-03 15:33:59,022 INFO with saved 105 and new recs unifyed length is - 119
2020-10-03 15:33:59,022 INFO –ó–∞–ø–∏—Å—å —Ñ–∞–π–ª–∞ items.csv –≤–Ω—É—Ç—Ä–∏ –∏—Å–∫–ª—é—á–µ–Ω–∏—è
2020-10-03 15:42:14,287 INFO Exception - 86 not saved records with items.csv
2020-10-03 15:42:14,350 INFO with saved 119 and new recs unifyed length is - 205
2020-10-03 15:42:14,350 INFO –ó–∞–ø–∏—Å—å —Ñ–∞–π–ª–∞ items.csv –≤–Ω—É—Ç—Ä–∏ –∏—Å–∫–ª—é—á–µ–Ω–∏—è
2020-10-03 16:02:51,148 INFO Exception - 442 not saved records with items.csv
2020-10-03 16:02:51,216 INFO with saved 205 and new recs unifyed length is - 647
2020-10-03 16:02:51,216 INFO –ó–∞–ø–∏—Å—å —Ñ–∞–π–ª–∞ items.csv –≤–Ω—É—Ç—Ä–∏ –∏—Å–∫–ª—é—á–µ–Ω–∏—è
2020-10-03 16:04:16,442 INFO Exception - 442 not saved records with items.csv
2020-10-03 16:04:16,537 INFO with saved 647 and new recs unifyed length is - 1089
2020-10-03 16:04:16,537 INFO –ó–∞–ø–∏—Å—å —Ñ–∞–π–ª–∞ items.csv –≤–Ω—É—Ç—Ä–∏ –∏—Å–∫–ª—é—á–µ–Ω–∏—è
2020-10-04 07:41:45,570 INFO –ó–∞–ø–∏—Å—å —Ñ–∞–π–ª–∞ items.csv –≤–Ω—É—Ç—Ä–∏ –∏—Å–∫–ª—é—á–µ–Ω–∏—è
2020-10-04 08:32:58,013 INFO Exception - 718 not saved records with items.csv
2020-10-04 08:33:01,952 INFO with saved 349 and new recs unifyed length is - 1067
2020-10-04 08:33:02,449 INFO –ó–∞–ø–∏—Å—å —Ñ–∞–π–ª–∞ items.csv –≤–Ω—É—Ç—Ä–∏ –∏—Å–∫–ª—é—á–µ–Ω–∏—è
2020-10-04 09:38:54,964 INFO Exception - 1172 not saved records with items.csv
2020-10-04 09:38:58,598 INFO with saved 1067 and new recs unifyed length is - 2239
2020-10-04 09:38:58,999 INFO –ó–∞–ø–∏—Å—å —Ñ–∞–π–ª–∞ items.csv –≤–Ω—É—Ç—Ä–∏ –∏—Å–∫–ª—é—á–µ–Ω–∏—è
2020-10-04 10:41:02,543 INFO Exception - 1115 not saved records with items.csv
2020-10-04 10:41:02,901 INFO with saved 2239 and new recs unifyed length is - 3354
2020-10-04 10:41:02,902 INFO –ó–∞–ø–∏—Å—å —Ñ–∞–π–ª–∞ items.csv –≤–Ω—É—Ç—Ä–∏ –∏—Å–∫–ª—é—á–µ–Ω–∏—è
2020-10-04 15:14:05,940 INFO Exception - 1090 not saved records with items.csv
2020-10-04 15:14:06,473 INFO with saved 3354 and new recs unifyed length is - 4444
2020-10-04 15:14:06,473 INFO –ó–∞–ø–∏—Å—å —Ñ–∞–π–ª–∞ items.csv –≤–Ω—É—Ç—Ä–∏ –∏—Å–∫–ª—é—á–µ–Ω–∏—è
2020-10-05 08:24:07,347 INFO Exception - 13 not saved records with items.csv
2020-10-05 08:24:07,826 INFO with saved 4444 and new recs unifyed length is - 4457
2020-10-05 08:24:07,826 INFO –ó–∞–ø–∏—Å—å —Ñ–∞–π–ª–∞ items.csv –≤–Ω—É—Ç—Ä–∏ –∏—Å–∫–ª—é—á–µ–Ω–∏—è
2020-10-05 08:44:01,693 INFO Exception - 35 not saved records with items.csv
2020-10-05 08:44:02,125 INFO with saved 4444 and new recs unifyed length is - 4479
2020-10-05 08:44:02,126 INFO –ó–∞–ø–∏—Å—å —Ñ–∞–π–ª–∞ items.csv –≤–Ω—É—Ç—Ä–∏ –∏—Å–∫–ª—é—á–µ–Ω–∏—è
2020-10-05 08:48:58,150 INFO Exception - 14 not saved records with items.csv
2020-10-05 08:48:58,597 INFO with saved 4479 and new recs unifyed length is - 4493
2020-10-05 08:48:58,597 INFO –ó–∞–ø–∏—Å—å —Ñ–∞–π–ª–∞ items.csv –≤–Ω—É—Ç—Ä–∏ –∏—Å–∫–ª—é—á–µ–Ω–∏—è
2020-10-05 09:41:03,266 INFO Exception - 909 not saved records with items.csv
2020-10-05 09:41:03,754 INFO with saved 4493 and new recs unifyed length is - 5402
2020-10-05 09:41:03,755 INFO –ó–∞–ø–∏—Å—å —Ñ–∞–π–ª–∞ items.csv –≤–Ω—É—Ç—Ä–∏ –∏—Å–∫–ª—é—á–µ–Ω–∏—è
2020-10-05 09:51:22,387 INFO Exception - 909 not saved records with items.csv
2020-10-05 09:51:22,889 INFO with saved 5402 and new recs unifyed length is - 6311
2020-10-05 09:51:22,889 INFO –ó–∞–ø–∏—Å—å —Ñ–∞–π–ª–∞ items.csv –≤–Ω—É—Ç—Ä–∏ –∏—Å–∫–ª—é—á–µ–Ω–∏—è
2020-10-05 09:58:55,230 INFO Exception - 84 not saved records with items.csv
2020-10-05 09:58:55,565 INFO with saved 5402 and new recs unifyed length is - 5486
2020-10-05 09:58:55,565 INFO –ó–∞–ø–∏—Å—å —Ñ–∞–π–ª–∞ items.csv –≤–Ω—É—Ç—Ä–∏ –∏—Å–∫–ª—é—á–µ–Ω–∏—è
2020-10-05 10:02:05,473 INFO Exception - 84 not saved records with items.csv
2020-10-05 10:02:05,830 INFO with saved 5486 and new recs unifyed length is - 5570
2020-10-05 10:02:05,830 INFO –ó–∞–ø–∏—Å—å —Ñ–∞–π–ª–∞ items.csv –≤–Ω—É—Ç—Ä–∏ –∏—Å–∫–ª—é—á–µ–Ω–∏—è
2020-10-05 10:17:53,481 INFO Exception - 0 not saved records with items.csv
2020-10-05 10:17:53,804 INFO with saved 5486 and new recs unifyed length is - 5486
2020-10-05 10:17:53,804 INFO –ó–∞–ø–∏—Å—å —Ñ–∞–π–ª–∞ items.csv –≤–Ω—É—Ç—Ä–∏ –∏—Å–∫–ª—é—á–µ–Ω–∏—è
2020-10-05 10:21:01,052 INFO Exception - 0 not saved records with items.csv
2020-10-05 10:21:01,507 INFO with saved 5486 and new recs unifyed length is - 5486
2020-10-05 10:21:01,507 INFO –ó–∞–ø–∏—Å—å —Ñ–∞–π–ª–∞ items.csv –≤–Ω—É—Ç—Ä–∏ –∏—Å–∫–ª—é—á–µ–Ω–∏—è
2020-10-05 16:09:40,400 INFO Exception - 178 not saved records with items.csv
2020-10-05 16:09:40,793 INFO with saved 5486 and new recs unifyed length is - 5664
2020-10-05 16:09:40,794 INFO –ó–∞–ø–∏—Å—å —Ñ–∞–π–ª–∞ items.csv –≤–Ω—É—Ç—Ä–∏ –∏—Å–∫–ª—é—á–µ–Ω–∏—è
2020-10-09 10:05:34,202 INFO –ó–∞–ø–∏—Å—å —Ñ–∞–π–ª–∞ items.csv –≤–Ω—É—Ç—Ä–∏ –∏—Å–∫–ª—é—á–µ–Ω–∏—è
2020-10-09 10:32:50,900 INFO Exception - 306 not saved records with items.csv
2020-10-09 10:32:51,023 INFO with saved 560 and new recs unifyed length is - 866
2020-10-09 10:32:51,023 INFO –ó–∞–ø–∏—Å—å —Ñ–∞–π–ª–∞ items.csv –≤–Ω—É—Ç—Ä–∏ –∏—Å–∫–ª—é—á–µ–Ω–∏—è
2020-10-09 10:42:51,200 INFO Exception - 9 not saved records with items.csv
2020-10-09 10:42:51,285 INFO with saved 866 and new recs unifyed length is - 875
2020-10-09 10:42:51,285 INFO –ó–∞–ø–∏—Å—å —Ñ–∞–π–ª–∞ items.csv –≤–Ω—É—Ç—Ä–∏ –∏—Å–∫–ª—é—á–µ–Ω–∏—è
2020-10-09 10:48:30,656 INFO Exception - 42 not saved records with items.csv
2020-10-09 10:48:30,741 INFO with saved 875 and new recs unifyed length is - 917
2020-10-09 10:48:30,741 INFO –ó–∞–ø–∏—Å—å —Ñ–∞–π–ª–∞ items.csv –≤–Ω—É—Ç—Ä–∏ –∏—Å–∫–ª—é—á–µ–Ω–∏—è
2020-10-09 10:57:47,332 INFO Exception - 78 not saved records with items.csv
2020-10-09 10:57:47,427 INFO with saved 917 and new recs unifyed length is - 995
2020-10-09 10:57:47,427 INFO –ó–∞–ø–∏—Å—å —Ñ–∞–π–ª–∞ items.csv –≤–Ω—É—Ç—Ä–∏ –∏—Å–∫–ª—é—á–µ–Ω–∏—è
2020-10-09 11:07:05,312 INFO Exception - 135 not saved records with items.csv
2020-10-09 11:07:05,415 INFO with saved 995 and new recs unifyed length is - 1130
2020-10-09 11:07:05,415 INFO –ó–∞–ø–∏—Å—å —Ñ–∞–π–ª–∞ items.csv –≤–Ω—É—Ç—Ä–∏ –∏—Å–∫–ª—é—á–µ–Ω–∏—è
2020-10-09 11:10:58,320 INFO Exception - 80 not saved records with items.csv
2020-10-09 11:10:58,425 INFO with saved 1130 and new recs unifyed length is - 1210
2020-10-09 11:10:58,425 INFO –ó–∞–ø–∏—Å—å —Ñ–∞–π–ª–∞ items.csv –≤–Ω—É—Ç—Ä–∏ –∏—Å–∫–ª—é—á–µ–Ω–∏—è
2020-10-09 11:27:41,094 INFO Exception - 347 not saved records with items.csv
2020-10-09 11:27:41,200 INFO with saved 1210 and new recs unifyed length is - 1557
2020-10-09 11:27:41,200 INFO –ó–∞–ø–∏—Å—å —Ñ–∞–π–ª–∞ items.csv –≤–Ω—É—Ç—Ä–∏ –∏—Å–∫–ª—é—á–µ–Ω–∏—è
2020-10-09 11:30:26,402 INFO Exception - 19 not saved records with items.csv
2020-10-09 11:30:26,522 INFO with saved 1557 and new recs unifyed length is - 1576
2020-10-09 11:30:26,522 INFO –ó–∞–ø–∏—Å—å —Ñ–∞–π–ª–∞ items.csv –≤–Ω—É—Ç—Ä–∏ –∏—Å–∫–ª—é—á–µ–Ω–∏—è
2020-10-09 11:53:33,065 INFO Exception - 480 not saved records with items.csv
2020-10-09 11:53:33,213 INFO with saved 1576 and new recs unifyed length is - 2056
2020-10-09 11:53:33,213 INFO –ó–∞–ø–∏—Å—å —Ñ–∞–π–ª–∞ items.csv –≤–Ω—É—Ç—Ä–∏ –∏—Å–∫–ª—é—á–µ–Ω–∏—è
2020-10-09 12:08:42,277 INFO Exception - 256 not saved records with items.csv
2020-10-09 12:08:42,429 INFO with saved 2056 and new recs unifyed length is - 2312
2020-10-09 12:08:42,429 INFO –ó–∞–ø–∏—Å—å —Ñ–∞–π–ª–∞ items.csv –≤–Ω—É—Ç—Ä–∏ –∏—Å–∫–ª—é—á–µ–Ω–∏—è
2020-10-09 13:00:06,516 INFO Exception - 1096 not saved records with items.csv
2020-10-09 13:00:06,709 INFO with saved 2312 and new recs unifyed length is - 3408
2020-10-09 13:00:06,710 INFO –ó–∞–ø–∏—Å—å —Ñ–∞–π–ª–∞ items.csv –≤–Ω—É—Ç—Ä–∏ –∏—Å–∫–ª—é—á–µ–Ω–∏—è
2020-10-09 13:07:21,715 INFO Exception - 107 not saved records with items.csv
2020-10-09 13:07:21,944 INFO with saved 3408 and new recs unifyed length is - 3515
2020-10-09 13:07:21,944 INFO –ó–∞–ø–∏—Å—å —Ñ–∞–π–ª–∞ items.csv –≤–Ω—É—Ç—Ä–∏ –∏—Å–∫–ª—é—á–µ–Ω–∏—è
2020-10-09 13:11:00,157 INFO Exception - 8 not saved records with items.csv
2020-10-09 13:11:00,400 INFO with saved 3515 and new recs unifyed length is - 3523
2020-10-09 13:11:00,400 INFO –ó–∞–ø–∏—Å—å —Ñ–∞–π–ª–∞ items.csv –≤–Ω—É—Ç—Ä–∏ –∏—Å–∫–ª—é—á–µ–Ω–∏—è
2020-10-09 13:16:10,370 INFO Exception - 0 not saved records with items.csv
2020-10-09 13:16:10,600 INFO with saved 3523 and new recs unifyed length is - 3523
2020-10-09 13:16:10,600 INFO –ó–∞–ø–∏—Å—å —Ñ–∞–π–ª–∞ items.csv –≤–Ω—É—Ç—Ä–∏ –∏—Å–∫–ª—é—á–µ–Ω–∏—è
2020-10-09 13:21:24,332 INFO Exception - 0 not saved records with items.csv
2020-10-09 13:21:24,572 INFO with saved 3523 and new recs unifyed length is - 3523
2020-10-09 13:21:24,572 INFO –ó–∞–ø–∏—Å—å —Ñ–∞–π–ª–∞ items.csv –≤–Ω—É—Ç—Ä–∏ –∏—Å–∫–ª—é—á–µ–Ω–∏—è
2020-10-09 13:21:38,328 INFO Exception - 0 not saved records with items.csv
2020-10-09 13:21:38,559 INFO with saved 3523 and new recs unifyed length is - 3523
2020-10-09 13:21:38,559 INFO –ó–∞–ø–∏—Å—å —Ñ–∞–π–ª–∞ items.csv –≤–Ω—É—Ç—Ä–∏ –∏—Å–∫–ª—é—á–µ–Ω–∏—è
2021-01-03 08:28:54,875 INFO –ó–∞–ø–∏—Å—å —Ñ–∞–π–ª–∞ items.csv –≤–Ω—É—Ç—Ä–∏ –∏—Å–∫–ª—é—á–µ–Ω–∏—è
2021-01-03 08:35:09,995 INFO –ó–∞–ø–∏—Å—å —Ñ–∞–π–ª–∞ items.csv –≤–Ω—É—Ç—Ä–∏ –∏—Å–∫–ª—é—á–µ–Ω–∏—è
2021-01-03 09:03:02,021 INFO Exception - 7 not saved records with items.csv
2021-01-03 09:03:02,111 INFO with saved 23 and new recs unifyed length is - 30
2021-01-03 09:03:02,111 INFO –ó–∞–ø–∏—Å—å —Ñ–∞–π–ª–∞ items.csv –≤–Ω—É—Ç—Ä–∏ –∏—Å–∫–ª—é—á–µ–Ω–∏—è
2021-01-03 09:12:55,794 INFO Exception - 12 not saved records with items.csv
2021-01-03 09:12:55,838 INFO with saved 30 and new recs unifyed length is - 42
2021-01-03 09:12:55,839 INFO –ó–∞–ø–∏—Å—å —Ñ–∞–π–ª–∞ items.csv –≤–Ω—É—Ç—Ä–∏ –∏—Å–∫–ª—é—á–µ–Ω–∏—è
2021-01-03 09:36:02,031 INFO Exception - 430 not saved records with items.csv
2021-01-03 09:36:02,089 INFO with saved 42 and new recs unifyed length is - 472
2021-01-03 09:36:02,090 INFO –ó–∞–ø–∏—Å—å —Ñ–∞–π–ª–∞ items.csv –≤–Ω—É—Ç—Ä–∏ –∏—Å–∫–ª—é—á–µ–Ω–∏—è
2021-01-03 09:45:51,187 INFO Exception - 110 not saved records with items.csv
2021-01-03 09:45:51,264 INFO with saved 472 and new recs unifyed length is - 582
2021-01-03 09:45:51,265 INFO –ó–∞–ø–∏—Å—å —Ñ–∞–π–ª–∞ items.csv –≤–Ω—É—Ç—Ä–∏ –∏—Å–∫–ª—é—á–µ–Ω–∏—è
2021-01-03 18:53:18,492 INFO Exception - 17 not saved records with items.csv
2021-01-03 18:53:18,638 INFO with saved 582 and new recs unifyed length is - 599
2021-01-03 18:53:18,638 INFO –ó–∞–ø–∏—Å—å —Ñ–∞–π–ª–∞ items.csv –≤–Ω—É—Ç—Ä–∏ –∏—Å–∫–ª—é—á–µ–Ω–∏—è
2021-01-03 19:01:53,554 INFO Exception - 8 not saved records with items.csv
2021-01-03 19:01:53,622 INFO with saved 599 and new recs unifyed length is - 607
2021-01-03 19:01:53,622 INFO –ó–∞–ø–∏—Å—å —Ñ–∞–π–ª–∞ items.csv –≤–Ω—É—Ç—Ä–∏ –∏—Å–∫–ª—é—á–µ–Ω–∏—è
2021-01-03 19:10:28,537 INFO Exception - 142 not saved records with items.csv
2021-01-03 19:10:28,631 INFO with saved 607 and new recs unifyed length is - 749
2021-01-03 19:10:28,631 INFO –ó–∞–ø–∏—Å—å —Ñ–∞–π–ª–∞ items.csv –≤–Ω—É—Ç—Ä–∏ –∏—Å–∫–ª—é—á–µ–Ω–∏—è
2021-01-03 19:14:43,552 INFO Exception - 42 not saved records with items.csv
2021-01-03 19:14:43,633 INFO with saved 749 and new recs unifyed length is - 791
2021-01-03 19:14:43,633 INFO –ó–∞–ø–∏—Å—å —Ñ–∞–π–ª–∞ items.csv –≤–Ω—É—Ç—Ä–∏ –∏—Å–∫–ª—é—á–µ–Ω–∏—è
2021-01-03 19:29:15,920 INFO Exception - 266 not saved records with items.csv
2021-01-03 19:29:16,004 INFO with saved 791 and new recs unifyed length is - 1057
2021-01-03 19:29:16,004 INFO –ó–∞–ø–∏—Å—å —Ñ–∞–π–ª–∞ items.csv –≤–Ω—É—Ç—Ä–∏ –∏—Å–∫–ª—é—á–µ–Ω–∏—è
2021-01-03 21:02:44,400 INFO Exception - 602 not saved records with items.csv
2021-01-03 21:02:44,530 INFO with saved 1057 and new recs unifyed length is - 1659
2021-01-03 21:02:44,531 INFO –ó–∞–ø–∏—Å—å —Ñ–∞–π–ª–∞ items.csv –≤–Ω—É—Ç—Ä–∏ –∏—Å–∫–ª—é—á–µ–Ω–∏—è
2021-01-03 21:41:01,416 INFO Exception - 669 not saved records with items.csv
2021-01-03 21:41:01,581 INFO with saved 1659 and new recs unifyed length is - 2328
2021-01-03 21:41:01,582 INFO –ó–∞–ø–∏—Å—å —Ñ–∞–π–ª–∞ items.csv –≤–Ω—É—Ç—Ä–∏ –∏—Å–∫–ª—é—á–µ–Ω–∏—è
2021-01-04 09:58:50,256 INFO Exception - 932 not saved records with items.csv
2021-01-04 09:58:50,629 INFO with saved 2328 and new recs unifyed length is - 3260
2021-01-04 09:58:50,630 INFO –ó–∞–ø–∏—Å—å —Ñ–∞–π–ª–∞ items.csv –≤–Ω—É—Ç—Ä–∏ –∏—Å–∫–ª—é—á–µ–Ω–∏—è
2021-01-04 10:21:36,986 INFO Exception - 186 not saved records with items.csv
2021-01-04 10:21:37,224 INFO with saved 3260 and new recs unifyed length is - 3446
2021-01-04 10:21:37,224 INFO –ó–∞–ø–∏—Å—å —Ñ–∞–π–ª–∞ items.csv –≤–Ω—É—Ç—Ä–∏ –∏—Å–∫–ª—é—á–µ–Ω–∏—è
2021-01-04 10:30:42,291 INFO Exception - 82 not saved records with items.csv
2021-01-04 10:30:42,524 INFO with saved 3446 and new recs unifyed length is - 3528
2021-01-04 10:30:42,524 INFO –ó–∞–ø–∏—Å—å —Ñ–∞–π–ª–∞ items.csv –≤–Ω—É—Ç—Ä–∏ –∏—Å–∫–ª—é—á–µ–Ω–∏—è
2021-01-04 11:31:57,763 INFO Exception - 1114 not saved records with items.csv
2021-01-04 11:31:58,092 INFO with saved 3528 and new recs unifyed length is - 4642
2021-01-04 11:31:58,093 INFO –ó–∞–ø–∏—Å—å —Ñ–∞–π–ª–∞ items.csv –≤–Ω—É—Ç—Ä–∏ –∏—Å–∫–ª—é—á–µ–Ω–∏—è
2021-01-04 20:11:49,477 INFO Exception - 101 not saved records with items.csv
2021-01-04 20:11:49,901 INFO with saved 4642 and new recs unifyed length is - 4743
2021-01-04 20:11:49,901 INFO –ó–∞–ø–∏—Å—å —Ñ–∞–π–ª–∞ items.csv –≤–Ω—É—Ç—Ä–∏ –∏—Å–∫–ª—é—á–µ–Ω–∏—è
2021-01-04 20:57:40,915 INFO Exception - 907 not saved records with items.csv
2021-01-04 20:57:41,306 INFO with saved 4743 and new recs unifyed length is - 5650
2021-01-04 20:57:41,306 INFO –ó–∞–ø–∏—Å—å —Ñ–∞–π–ª–∞ items.csv –≤–Ω—É—Ç—Ä–∏ –∏—Å–∫–ª—é—á–µ–Ω–∏—è
2021-01-04 21:10:34,522 INFO Exception - 66 not saved records with items.csv
2021-01-04 21:10:34,941 INFO with saved 5650 and new recs unifyed length is - 5716
2021-01-04 21:10:34,942 INFO –ó–∞–ø–∏—Å—å —Ñ–∞–π–ª–∞ items.csv –≤–Ω—É—Ç—Ä–∏ –∏—Å–∫–ª—é—á–µ–Ω–∏—è
2021-01-04 21:27:09,521 INFO Exception - 202 not saved records with items.csv
2021-01-04 21:27:09,934 INFO with saved 5716 and new recs unifyed length is - 5918
2021-01-04 21:27:09,934 INFO –ó–∞–ø–∏—Å—å —Ñ–∞–π–ª–∞ items.csv –≤–Ω—É—Ç—Ä–∏ –∏—Å–∫–ª—é—á–µ–Ω–∏—è
2021-10-30 05:57:12,280 INFO Exception - 21 not saved records with items.csv
2021-10-30 05:57:12,524 INFO with saved 5972 and new recs unifyed length is - 5993
2021-10-30 05:57:12,524 INFO «‡ÔËÒ¸ Ù‡ÈÎ‡ items.csv ‚ÌÛÚË ËÒÍÎ˛˜ÂÌËˇ
2021-10-30 06:24:35,486 INFO Exception - 661 not saved records with items.csv
2021-10-30 06:24:35,675 INFO with saved 5993 and new recs unifyed length is - 6654
2021-10-30 06:24:35,675 INFO «‡ÔËÒ¸ Ù‡ÈÎ‡ items.csv ‚ÌÛÚË ËÒÍÎ˛˜ÂÌËˇ
